\BOOKMARK [1][-]{section.1}{Introduction}{}% 1
\BOOKMARK [2][-]{subsection.1.1}{Face detection}{section.1}% 2
\BOOKMARK [2][-]{subsection.1.2}{Landmark detection}{section.1}% 3
\BOOKMARK [2][-]{subsection.1.3}{Face recognition}{section.1}% 4
\BOOKMARK [1][-]{section.2}{Proposed system}{}% 5
\BOOKMARK [1][-]{section.3}{Implementation}{}% 6
\BOOKMARK [2][-]{subsection.3.1}{Motion-blur detection}{section.3}% 7
\BOOKMARK [2][-]{subsection.3.2}{Face detection}{section.3}% 8
\BOOKMARK [2][-]{subsection.3.3}{Frontal-view detection}{section.3}% 9
\BOOKMARK [2][-]{subsection.3.4}{Face recognition}{section.3}% 10
\BOOKMARK [3][-]{figure.caption.3}{Multi-task Convolution Network}{subsection.3.4}% 11
\BOOKMARK [3][-]{subsubsection.3.4.2}{FaceNet model}{subsection.3.4}% 12
\BOOKMARK [3][-]{subsubsection.3.4.3}{Training}{subsection.3.4}% 13
\BOOKMARK [2][-]{subsection.3.5}{Graphic User Interface}{section.3}% 14
\BOOKMARK [2][-]{subsection.3.6}{Attendance management}{section.3}% 15
\BOOKMARK [1][-]{section.4}{Experimental result}{}% 16
\BOOKMARK [2][-]{subsection.4.1}{Embeddings}{section.4}% 17
\BOOKMARK [2][-]{subsection.4.2}{Training}{section.4}% 18
\BOOKMARK [1][-]{section.5}{Conclusion}{}% 19
\BOOKMARK [1][-]{section*.21}{References}{}% 20
